0 info it worked if it ends with ok
1 verbose cli [ '/Users/derekduncan/.nvm/versions/node/v5.0.0/bin/node',
1 verbose cli   '/Users/derekduncan/.nvm/versions/node/v5.0.0/bin/npm',
1 verbose cli   'start' ]
2 info using npm@3.3.10
3 info using node@v5.0.0
4 verbose run-script [ 'prestart', 'start', 'poststart' ]
5 info lifecycle template@1.0.0~prestart: template@1.0.0
6 silly lifecycle template@1.0.0~prestart: no script for prestart, continuing
7 info lifecycle template@1.0.0~start: template@1.0.0
8 verbose lifecycle template@1.0.0~start: unsafe-perm in lifecycle true
9 verbose lifecycle template@1.0.0~start: PATH: /Users/derekduncan/.nvm/versions/node/v5.0.0/lib/node_modules/npm/bin/node-gyp-bin:/Users/derekduncan/code/template/node_modules/.bin:/Users/derekduncan/.nvm/versions/node/v5.0.0/bin:/Applications/XAMPP/xamppfiles/bin/:/usr/local/sbin:/usr/bin:/bin:/usr/sbin:/sbin:/usr/local/bin:/Applications/XAMPP/xamppfiles/bin/:/opt/X11/bin:/usr/local/git/bin:/opt/ImageMagick/bin:/Users/derekduncan/.rvm/bin
10 verbose lifecycle template@1.0.0~start: CWD: /Users/derekduncan/code/template
11 silly lifecycle template@1.0.0~start: Args: [ '-c',
11 silly lifecycle   'pm2 start index.js --name \'app\' --watch --ignore-watch=\'node_modules .git views public\'' ]
12 silly lifecycle template@1.0.0~start: Returned: code: 1  signal: null
13 info lifecycle template@1.0.0~start: Failed to exec start script
14 verbose stack Error: template@1.0.0 start: `pm2 start index.js --name 'app' --watch --ignore-watch='node_modules .git views public'`
14 verbose stack Exit status 1
14 verbose stack     at EventEmitter.<anonymous> (/Users/derekduncan/.nvm/versions/node/v5.0.0/lib/node_modules/npm/lib/utils/lifecycle.js:232:16)
14 verbose stack     at emitTwo (events.js:87:13)
14 verbose stack     at EventEmitter.emit (events.js:172:7)
14 verbose stack     at ChildProcess.<anonymous> (/Users/derekduncan/.nvm/versions/node/v5.0.0/lib/node_modules/npm/lib/utils/spawn.js:24:14)
14 verbose stack     at emitTwo (events.js:87:13)
14 verbose stack     at ChildProcess.emit (events.js:172:7)
14 verbose stack     at maybeClose (internal/child_process.js:818:16)
14 verbose stack     at Process.ChildProcess._handle.onexit (internal/child_process.js:211:5)
15 verbose pkgid template@1.0.0
16 verbose cwd /Users/derekduncan/code/template
17 error Darwin 15.2.0
18 error argv "/Users/derekduncan/.nvm/versions/node/v5.0.0/bin/node" "/Users/derekduncan/.nvm/versions/node/v5.0.0/bin/npm" "start"
19 error node v5.0.0
20 error npm  v3.3.10
21 error code ELIFECYCLE
22 error template@1.0.0 start: `pm2 start index.js --name 'app' --watch --ignore-watch='node_modules .git views public'`
22 error Exit status 1
23 error Failed at the template@1.0.0 start script 'pm2 start index.js --name 'app' --watch --ignore-watch='node_modules .git views public''.
23 error Make sure you have the latest version of node.js and npm installed.
23 error If you do, this is most likely a problem with the template package,
23 error not with npm itself.
23 error Tell the author that this fails on your system:
23 error     pm2 start index.js --name 'app' --watch --ignore-watch='node_modules .git views public'
23 error You can get their info via:
23 error     npm owner ls template
23 error There is likely additional logging output above.
24 verbose exit [ 1, true ]
